<?xml version="1.0" encoding="UTF-8"?>
<!-- Generated by org.testng.reporters.JUnitReportReporter -->
<testsuite hostname="IN-380D5S3" failures="0" tests="1" name="tests.TravelTestPage" time="13.017" errors="0" timestamp="2024-05-25T12:06:26 IST" skipped="0">
  <testcase classname="tests.TravelTestPage" name="testTravelPage" time="13.017"/>
</testsuite> <!-- tests.TravelTestPage -->
