<?xml version="1.0" encoding="UTF-8"?>
<!-- Generated by org.testng.reporters.JUnitReportReporter -->
<testsuite hostname="IN-380D5S3" failures="0" tests="1" name="tests.SellerTestPage" time="20.236" errors="0" timestamp="2024-05-25T12:06:26 IST" skipped="0">
  <testcase classname="tests.SellerTestPage" name="testSellerPage" time="20.236"/>
</testsuite> <!-- tests.SellerTestPage -->
