<?xml version="1.0" encoding="UTF-8"?>
<!-- Generated by org.testng.reporters.JUnitReportReporter -->
<testsuite hostname="IN-380D5S3" failures="0" tests="5" name="tests.TestScenario3" time="65.730" errors="0" timestamp="2024-05-25T12:06:26 IST" skipped="0">
  <testcase classname="tests.TestScenario3" name="testShopsy" time="12.835"/>
  <testcase classname="tests.TestScenario3" name="testNotification" time="12.323"/>
  <testcase classname="tests.TestScenario3" name="testMyntraPage" time="10.741"/>
  <testcase classname="tests.TestScenario3" name="testTermsOfUseLink" time="11.671"/>
  <testcase classname="tests.TestScenario3" name="testOfferZone" time="18.160"/>
</testsuite> <!-- tests.TestScenario3 -->
