<?xml version="1.0" encoding="UTF-8"?>
<!-- Generated by org.testng.reporters.JUnitReportReporter -->
<testsuite hostname="IN-380D5S3" failures="0" tests="5" name="tests.TestScenario4" time="77.676" errors="0" timestamp="2024-05-25T12:06:26 IST" skipped="0">
  <testcase classname="tests.TestScenario4" name="testSearch" time="16.452"/>
  <testcase classname="tests.TestScenario4" name="testBackToTome" time="18.102"/>
  <testcase classname="tests.TestScenario4" name="testClearTrip" time="11.902"/>
  <testcase classname="tests.TestScenario4" name="testGiftCards" time="17.820"/>
  <testcase classname="tests.TestScenario4" name="testCancellation" time="13.400"/>
</testsuite> <!-- tests.TestScenario4 -->
