<?xml version="1.0" encoding="UTF-8"?>
<!-- Generated by org.testng.reporters.JUnitReportReporter -->
<testsuite hostname="IN-380D5S3" failures="0" tests="5" name="tests.TestScenario4" time="65.248" errors="0" timestamp="2024-05-24T14:21:32 IST" skipped="0">
  <testcase classname="tests.TestScenario4" name="testSearch" time="13.852"/>
  <testcase classname="tests.TestScenario4" name="testGiftCards" time="11.400"/>
  <testcase classname="tests.TestScenario4" name="testCancellation" time="13.993"/>
  <testcase classname="tests.TestScenario4" name="testBackToTome" time="16.913"/>
  <testcase classname="tests.TestScenario4" name="testClearTrip" time="9.090"/>
</testsuite> <!-- tests.TestScenario4 -->
