<?xml version="1.0" encoding="UTF-8"?>
<!-- Generated by org.testng.reporters.JUnitReportReporter -->
<testsuite hostname="IN-380D5S3" failures="0" tests="1" name="tests.ViewCartTest" time="12.029" errors="0" timestamp="2024-05-24T14:21:32 IST" skipped="0">
  <testcase classname="tests.ViewCartTest" name="testViewCartPage" time="12.029"/>
</testsuite> <!-- tests.ViewCartTest -->
