<?xml version="1.0" encoding="UTF-8"?>
<!-- Generated by org.testng.reporters.JUnitReportReporter -->
<testsuite hostname="IN-380D5S3" failures="0" tests="1" name="tests.MobilePageTest" time="13.150" errors="0" timestamp="2024-05-24T14:21:32 IST" skipped="0">
  <testcase classname="tests.MobilePageTest" name="testMobilePage" time="13.150"/>
</testsuite> <!-- tests.MobilePageTest -->
